INFO | 2023-05-27T13:40:22Z | Data saved to aggrigated data from 2023-05-27 11:39:00 UTC...
INFO | 2023-05-27T13:41:24Z | Data saved to aggrigated data from 2023-05-27 11:40:00 UTC...
INFO | 2023-05-27T16:33:27Z | Data saved to aggrigated data from sum    2023-05-27 14:32:00
mean   2023-05-27 14:32:00
std    2023-05-27 14:32:00
min    2023-05-27 14:32:00
max    2023-05-27 14:32:00
Name: TimeUTC, dtype: datetime64[ns] UTC...
INFO | 2023-05-27T16:39:34Z | Data saved to aggrigated data from 2023-05-27 14:38:00 UTC...
INFO | 2023-05-27T16:50:27Z | Data saved to aggrigated data from 2023-05-27 14:49:00 UTC...
ERROR | 2023-05-27T16:55:49Z | Could not save 2023-05-27T14:54:00Z.json
ERROR | 2023-05-27T16:56:19Z | Could not save 2023-05-27T14:55:00Z.json
INFO | 2023-05-27T17:02:08Z | Data saved to aggrigated data from 2023-05-27 15:01:00 UTC...
INFO | 2023-05-27T17:03:09Z | Data saved to aggrigated data from 2023-05-27 15:02:00 UTC...
INFO | 2023-05-27T17:05:06Z | Data saved to aggrigated data from 2023-05-27 15:04:00 UTC...
INFO | 2023-05-27T17:06:07Z | Data saved to aggrigated data from 2023-05-27 15:05:00 UTC...
INFO | 2023-05-27T17:06:39Z | Data saved to aggrigated data from 2023-05-27 15:05:00 UTC...
INFO | 2023-05-27T17:07:14Z | Data saved to aggrigated data from 2023-05-27 15:06:00 UTC...
INFO | 2023-05-27T17:07:54Z | Data saved to aggrigated data from 2023-05-27 15:06:00 UTC...
INFO | 2023-05-27T17:08:15Z | Data saved to aggrigated data from 2023-05-27 15:07:00 UTC...
INFO | 2023-05-27T17:08:58Z | Data saved to aggrigated data from 2023-05-27 15:07:00 UTC...
INFO | 2023-05-27T17:09:32Z | Data saved to aggrigated data from 2023-05-27 15:08:00 UTC...
INFO | 2023-05-27T17:10:05Z | Data saved to aggrigated data from 2023-05-27 15:08:00 UTC...
INFO | 2023-05-27T17:10:51Z | Data saved to aggrigated data from 2023-05-27 15:10:00 UTC...
INFO | 2023-05-27T17:17:04Z | Data saved to aggrigated data from 2023-05-27 15:16:00 UTC...
INFO | 2023-05-27T17:19:16Z | Data saved to aggrigated data from 2023-05-27 15:18:00 UTC...
INFO | 2023-05-27T17:19:16Z | Data saved to aggrigated data from 2023-05-27 15:18:00 UTC...
INFO | 2023-05-27T17:20:18Z | Data saved to aggrigated data from 2023-05-27 15:19:00 UTC...
INFO | 2023-05-27T17:20:18Z | Data saved to aggrigated data from 2023-05-27 15:19:00 UTC...
INFO | 2023-05-27T17:21:19Z | Data saved to aggrigated data from 2023-05-27 15:20:00 UTC...
INFO | 2023-05-27T17:21:19Z | Data saved to aggrigated data from 2023-05-27 15:20:00 UTC...
INFO | 2023-05-27T17:22:20Z | Data saved to aggrigated data from 2023-05-27 15:21:00 UTC...
INFO | 2023-05-27T17:22:21Z | Data saved to aggrigated data from 2023-05-27 15:21:00 UTC...
INFO | 2023-05-27T17:23:22Z | Data saved to aggrigated data from 2023-05-27 15:22:00 UTC...
INFO | 2023-05-27T17:23:22Z | Data saved to aggrigated data from 2023-05-27 15:22:00 UTC...
INFO | 2023-05-27T17:24:23Z | Data saved to aggrigated data from 2023-05-27 15:23:00 UTC...
INFO | 2023-05-27T17:24:23Z | Data saved to aggrigated data from 2023-05-27 15:23:00 UTC...
INFO | 2023-05-27T18:05:34Z | Data saved to aggrigated data from 2023-05-27 16:04:00 UTC...
INFO | 2023-05-27T18:05:34Z | Data saved to aggrigated data from 2023-05-27 16:04:00 UTC...
INFO | 2023-05-27T18:25:27Z | Data saved to aggrigated data from 2023-05-27 16:24:00 UTC...
INFO | 2023-05-27T18:26:28Z | Data saved to aggrigated data from 2023-05-27 16:25:00 UTC...
INFO | 2023-05-27T18:27:30Z | Data saved to aggrigated data from 2023-05-27 16:26:00 UTC...
INFO | 2023-05-27T18:28:31Z | Data saved to aggrigated data from 2023-05-27 16:27:00 UTC...
INFO | 2023-05-27T18:29:32Z | Data saved to aggrigated data from 2023-05-27 16:28:00 UTC...
INFO | 2023-05-27T18:30:34Z | Data saved to aggrigated data from 2023-05-27 16:29:00 UTC...
INFO | 2023-05-27T18:31:35Z | Data saved to aggrigated data from 2023-05-27 16:30:00 UTC...
INFO | 2023-05-27T18:32:37Z | Data saved to aggrigated data from 2023-05-27 16:31:00 UTC...
INFO | 2023-05-27T18:33:39Z | Data saved to aggrigated data from 2023-05-27 16:32:00 UTC...
INFO | 2023-05-27T18:34:41Z | Data saved to aggrigated data from 2023-05-27 16:33:00 UTC...
INFO | 2023-05-27T18:35:42Z | Data saved to aggrigated data from 2023-05-27 16:34:00 UTC...
INFO | 2023-05-27T18:36:44Z | Data saved to aggrigated data from 2023-05-27 16:35:00 UTC...
INFO | 2023-05-27T18:37:45Z | Data saved to aggrigated data from 2023-05-27 16:36:00 UTC...
INFO | 2023-05-27T18:38:47Z | Data saved to aggrigated data from 2023-05-27 16:38:00 UTC...
INFO | 2023-05-27T18:39:48Z | Data saved to aggrigated data from 2023-05-27 16:39:00 UTC...
INFO | 2023-05-27T18:40:50Z | Data saved to aggrigated data from 2023-05-27 16:40:00 UTC...
INFO | 2023-05-27T18:41:51Z | Data saved to aggrigated data from 2023-05-27 16:41:00 UTC...
INFO | 2023-05-27T18:42:53Z | Data saved to aggrigated data from 2023-05-27 16:42:00 UTC...
INFO | 2023-05-27T18:43:56Z | Data saved to aggrigated data from 2023-05-27 16:43:00 UTC...
INFO | 2023-05-27T18:44:57Z | Data saved to aggrigated data from 2023-05-27 16:44:00 UTC...
INFO | 2023-05-27T18:45:58Z | Data saved to aggrigated data from 2023-05-27 16:45:00 UTC...
INFO | 2023-05-27T18:47:00Z | Data saved to aggrigated data from 2023-05-27 16:46:00 UTC...
INFO | 2023-05-27T18:48:01Z | Data saved to aggrigated data from 2023-05-27 16:47:00 UTC...
INFO | 2023-05-27T18:49:03Z | Data saved to aggrigated data from 2023-05-27 16:48:00 UTC...
INFO | 2023-05-27T18:50:05Z | Data saved to aggrigated data from 2023-05-27 16:49:00 UTC...
INFO | 2023-05-27T18:51:07Z | Data saved to aggrigated data from 2023-05-27 16:50:00 UTC...
INFO | 2023-05-27T18:52:08Z | Data saved to aggrigated data from 2023-05-27 16:51:00 UTC...
INFO | 2023-05-27T18:53:09Z | Data saved to aggrigated data from 2023-05-27 16:52:00 UTC...
INFO | 2023-05-27T18:54:11Z | Data saved to aggrigated data from 2023-05-27 16:53:00 UTC...
INFO | 2023-05-27T18:55:12Z | Data saved to aggrigated data from 2023-05-27 16:54:00 UTC...
INFO | 2023-05-27T18:56:13Z | Data saved to aggrigated data from 2023-05-27 16:55:00 UTC...
INFO | 2023-05-27T18:57:15Z | Data saved to aggrigated data from 2023-05-27 16:56:00 UTC...
INFO | 2023-05-27T18:58:16Z | Data saved to aggrigated data from 2023-05-27 16:57:00 UTC...
INFO | 2023-05-27T18:59:18Z | Data saved to aggrigated data from 2023-05-27 16:58:00 UTC...
INFO | 2023-05-27T19:00:56Z | Data saved to aggrigated data from 2023-05-27 17:00:00 UTC...
2023-05-28T21:26:27Z | INFO |  Data saved to aggrigated data from 2023-05-28 19:24:00 UTC...
2023-05-28T21:27:21Z | INFO |  Data saved to aggrigated data from 2023-05-28 19:26:00 UTC...
2023-05-28T21:28:06Z | INFO |  Data saved to aggrigated data from 2023-05-28 19:27:00 UTC...
2023-05-28T21:28:41Z | INFO |  Program terminated...
2023-05-28T21:29:07Z | INFO |  Data saved to aggrigated data from 2023-05-28 19:28:00 UTC...
2023-05-28T21:29:28Z | INFO |  Program terminated...
2023-05-28T21:29:55Z | INFO |  Data saved to aggrigated data from 2023-05-28 19:28:00 UTC...
2023-05-28T21:30:07Z | INFO |  Data saved to aggrigated data from 2023-05-28 19:29:00 UTC...
2023-05-28T21:30:17Z | INFO |  Program terminated...
2023-05-28T21:31:08Z | INFO |  Data saved to aggrigated data from 2023-05-28 19:30:00 UTC...
2023-05-28T21:31:48Z | INFO |  Program terminated...
2023-05-28T21:32:03Z | INFO |  Data saved to aggrigated data from 2023-05-28 19:30:00 UTC...
2023-05-28T21:32:13Z | INFO |  Program terminated...
2023-05-28T21:32:35Z | INFO |  Data saved to aggrigated data from 2023-05-28 19:31:00 UTC...
2023-05-28T21:32:58Z | INFO |  Program terminated...
2023-05-28T21:37:30Z | INFO |  Starting run..
2023-05-28T21:37:30Z | INFO |  Last found entry is from {last_data_entry_time}
2023-05-28T21:38:57Z | INFO |  Starting run..
2023-05-28T21:38:57Z | INFO |  Last found entry is from {last_data_entry_time}
2023-05-28T21:38:57Z | INFO |  Data saved to aggrigated data from 2023-05-28 19:38:00 UTC...
2023-05-28T21:39:59Z | INFO |  Data saved to aggrigated data from 2023-05-28 19:39:00 UTC...
2023-05-28T21:40:19Z | INFO |  Program terminated...
2023-05-28T21:40:23Z | INFO |  Starting run..
2023-05-28T21:40:23Z | INFO |  Last found entry is from {last_data_entry_time}
2023-05-28T21:40:23Z | INFO |  Data saved to aggrigated data from 2023-05-28 19:39:00 UTC...
2023-05-28T21:41:04Z | INFO |  Data saved to aggrigated data from 2023-05-28 19:40:00 UTC...
2023-05-28T21:41:14Z | INFO |  Program terminated...
2023-05-28T22:26:14Z | INFO |  Starting run..
2023-05-28T22:26:14Z | INFO |  Starting collection thread
2023-05-28T22:26:14Z | INFO |  Starting missing entry handel thread
2023-05-28T22:26:14Z | INFO |  Last found entry is from 2023-05-28 19:40:00
2023-05-28T22:26:14Z | ERROR |  Something went wrong connecting to API
2023-05-28T22:27:54Z | ERROR |  Something went wrong connecting to API
2023-05-28T22:28:43Z | INFO |  Starting run..
2023-05-28T22:28:43Z | INFO |  Last found entry is from 2023-05-28 19:40:00
2023-05-28T22:28:43Z | ERROR |  Something went wrong connecting to API
2023-05-28T22:28:43Z | INFO |  Starting collection thread
2023-05-28T22:28:43Z | INFO |  Starting missing entry handel thread
2023-05-28T22:30:16Z | INFO |  Starting run..
2023-05-28T22:30:16Z | INFO |  Starting collection thread
2023-05-28T22:30:16Z | INFO |  Starting missing entry handel thread
2023-05-28T22:30:16Z | INFO |  Last found entry is from 2023-05-28 19:40:00
2023-05-28T22:30:16Z | ERROR |  Something went wrong connecting to API
2023-05-28T22:30:33Z | INFO |  Starting run..
2023-05-28T22:30:33Z | INFO |  Last found entry is from 2023-05-28 19:40:00
2023-05-28T22:30:33Z | ERROR |  Something went wrong connecting to API
2023-05-28T22:30:33Z | INFO |  Starting collection thread
2023-05-28T22:30:33Z | INFO |  Starting missing entry handel thread
2023-05-28T22:32:26Z | INFO |  Starting run..
2023-05-28T22:32:26Z | INFO |  Last found entry is from 2023-05-28 19:40:00
2023-05-28T22:32:26Z | ERROR |  Something went wrong connecting to API
2023-05-28T22:32:26Z | INFO |  Starting collection thread
2023-05-28T22:32:26Z | INFO |  Starting missing entry handel thread
2023-05-28T22:33:56Z | INFO |  Starting run..
2023-05-28T22:33:56Z | INFO |  Last found entry is from 2023-05-28 19:40:00
2023-05-28T22:33:56Z | ERROR |  Something went wrong connecting to API
2023-05-28T22:33:56Z | INFO |  Starting collection thread
2023-05-28T22:33:56Z | INFO |  Starting missing entry handel thread
2023-05-28T22:34:45Z | INFO |  Starting run..
2023-05-28T22:34:45Z | INFO |  Starting collection thread
2023-05-28T22:34:45Z | INFO |  Last found entry is from 2023-05-28 19:40:00
2023-05-28T22:34:45Z | INFO |  Starting missing entry handel thread
2023-05-28T22:34:45Z | ERROR |  Something went wrong connecting to API
2023-05-28T22:36:26Z | INFO |  Starting collection thread
2023-05-28T22:36:26Z | INFO |  Starting missing entry handel thread
2023-05-28T22:36:26Z | INFO |  Starting run..
2023-05-28T22:36:26Z | INFO |  Last found entry is from 2023-05-28 19:40:00
2023-05-28T22:36:26Z | ERROR |  Something went wrong connecting to API
2023-05-28T22:37:32Z | INFO |  Starting run..
2023-05-28T22:37:32Z | INFO |  Last found entry is from 2023-05-28 19:40:00
2023-05-28T22:37:32Z | ERROR |  Something went wrong connecting to API
2023-05-28T22:37:32Z | INFO |  Starting collection thread
2023-05-28T22:37:32Z | INFO |  Starting missing entry handel thread
2023-05-28T22:37:42Z | ERROR |  Something went wrong connecting to API
2023-05-28T22:37:52Z | ERROR |  Something went wrong connecting to API
2023-05-28T22:38:02Z | ERROR |  Something went wrong connecting to API
2023-05-28T22:39:31Z | INFO |  Starting run..
2023-05-28T22:39:31Z | INFO |  Starting collection thread
2023-05-28T22:39:31Z | INFO |  Starting missing entry handel thread
2023-05-28T22:39:31Z | INFO |  Last found entry is from 2023-05-28 19:40:00
2023-05-28T22:39:32Z | INFO |  Data saved to aggrigated data from 2023-05-28 20:38:00 UTC...
2023-05-28T22:39:32Z | WARNING |  Missing entry dates logged to /Users/vegard/statnett/missing_data_queue.csv
2023-05-28T22:39:52Z | INFO |  Program terminated...
2023-05-28T22:40:12Z | INFO |  Starting run..
2023-05-28T22:40:12Z | INFO |  Starting collection thread
2023-05-28T22:40:12Z | ERROR |  Something went wrong connecting to API while adding missing files
2023-05-28T22:40:12Z | INFO |  Starting missing entry handel thread
2023-05-28T22:40:12Z | INFO |  Last found entry is from 2023-05-28 20:38:00
2023-05-28T22:40:34Z | INFO |  Data saved to aggrigated data from 2023-05-28 20:39:00 UTC...
2023-05-28T22:41:43Z | INFO |  Starting collection thread
2023-05-28T22:41:43Z | INFO |  Starting missing entry handel thread
2023-05-28T22:42:28Z | INFO |  Starting collection thread
2023-05-28T22:42:28Z | INFO |  Starting missing entry handel thread
2023-05-28T22:43:02Z | INFO |  Starting collection thread
2023-05-28T22:43:02Z | INFO |  Starting missing entry handel thread
2023-05-28T22:47:32Z | INFO |  Starting collection thread
2023-05-28T22:47:32Z | INFO |  Starting missing entry handel thread
2023-05-28T22:48:12Z | INFO |  Starting collection thread
2023-05-28T22:48:12Z | INFO |  Starting missing entry handel thread
2023-05-28T22:48:28Z | INFO |  Starting collection thread
2023-05-28T22:48:28Z | INFO |  Starting missing entry handel thread
2023-05-28T22:49:04Z | INFO |  Starting collection thread
2023-05-28T22:49:04Z | INFO |  Starting missing entry handel thread
2023-05-28T22:49:29Z | INFO |  Starting collection thread
2023-05-28T22:49:29Z | INFO |  Starting missing entry handel thread
2023-05-28T22:49:57Z | INFO |  Starting collection thread
2023-05-28T22:49:57Z | INFO |  Starting missing entry handel thread
2023-05-28T22:50:37Z | INFO |  Starting collection thread
2023-05-28T22:50:37Z | INFO |  Starting missing entry handel thread
2023-05-28T22:51:01Z | INFO |  Data saved to aggrigated data from 2023-05-28 20:39:00 UTC...
2023-05-28T23:04:45Z | INFO |  Starting collection thread
2023-05-28T23:04:45Z | INFO |  Starting missing entry handel thread
2023-05-28T23:04:46Z | INFO |  Data saved to aggrigated data from 2023-05-28 20:39:00 UTC...
2023-05-28T23:04:46Z | INFO |  Data saved to aggrigated data from 2023-05-28 20:40:00 UTC...
2023-05-28T23:04:47Z | INFO |  Data saved to aggrigated data from 2023-05-28 20:41:00 UTC...
2023-05-28T23:04:47Z | INFO |  Data saved to aggrigated data from 2023-05-28 20:42:00 UTC...
2023-05-28T23:04:48Z | INFO |  Data saved to aggrigated data from 2023-05-28 20:43:00 UTC...
2023-05-28T23:04:49Z | INFO |  Data saved to aggrigated data from 2023-05-28 20:44:00 UTC...
2023-05-28T23:04:49Z | INFO |  Data saved to aggrigated data from 2023-05-28 20:45:00 UTC...
2023-05-28T23:04:50Z | INFO |  Data saved to aggrigated data from 2023-05-28 20:46:00 UTC...
2023-05-28T23:04:51Z | INFO |  Data saved to aggrigated data from 2023-05-28 20:47:00 UTC...
2023-05-28T23:04:51Z | INFO |  Data saved to aggrigated data from 2023-05-28 20:48:00 UTC...
2023-05-28T23:04:52Z | INFO |  Data saved to aggrigated data from 2023-05-28 20:49:00 UTC...
2023-05-28T23:04:52Z | INFO |  Data saved to aggrigated data from 2023-05-28 20:50:00 UTC...
2023-05-28T23:04:53Z | INFO |  Data saved to aggrigated data from 2023-05-28 20:51:00 UTC...
2023-05-28T23:04:54Z | INFO |  Data saved to aggrigated data from 2023-05-28 20:52:00 UTC...
2023-05-28T23:04:54Z | INFO |  Data saved to aggrigated data from 2023-05-28 20:53:00 UTC...
2023-05-28T23:04:55Z | INFO |  Data saved to aggrigated data from 2023-05-28 20:54:00 UTC...
2023-05-28T23:04:56Z | INFO |  Data saved to aggrigated data from 2023-05-28 20:55:00 UTC...
2023-05-28T23:04:56Z | INFO |  Data saved to aggrigated data from 2023-05-28 20:56:00 UTC...
2023-05-28T23:04:57Z | INFO |  Data saved to aggrigated data from 2023-05-28 20:57:00 UTC...
2023-05-28T23:04:58Z | INFO |  Data saved to aggrigated data from 2023-05-28 20:58:00 UTC...
2023-05-28T23:04:58Z | INFO |  Data saved to aggrigated data from 2023-05-28 20:59:00 UTC...
2023-05-28T23:04:59Z | INFO |  Data saved to aggrigated data from 2023-05-28 21:00:00 UTC...
2023-05-28T23:04:59Z | INFO |  Data saved to aggrigated data from 2023-05-28 21:01:00 UTC...
2023-05-28T23:05:01Z | INFO |  Data saved to aggrigated data from 2023-05-28 21:02:00 UTC...
2023-05-28T23:05:01Z | INFO |  Data saved to aggrigated data from 2023-05-28 21:03:00 UTC...
2023-05-28T23:05:02Z | INFO |  Data saved to aggrigated data from 2023-05-28 21:04:00 UTC...
2023-05-28T23:05:03Z | INFO |  Data saved to aggrigated data from 2023-05-28 21:04:00 UTC...
2023-05-28T23:05:05Z | INFO |  Data saved to aggrigated data from 2023-05-28 21:04:00 UTC...
2023-05-28T23:05:05Z | INFO |  Data saved to aggrigated data from 2023-05-28 21:04:00 UTC...
2023-05-28T23:05:06Z | INFO |  Data saved to aggrigated data from 2023-05-28 21:04:00 UTC...
2023-05-28T23:05:07Z | INFO |  Data saved to aggrigated data from 2023-05-28 21:04:00 UTC...
2023-05-28T23:05:07Z | INFO |  Data saved to aggrigated data from 2023-05-28 21:04:00 UTC...
2023-05-28T23:05:08Z | INFO |  Data saved to aggrigated data from 2023-05-28 21:04:00 UTC...
2023-05-28T23:05:08Z | INFO |  Data saved to aggrigated data from 2023-05-28 21:04:00 UTC...
2023-05-28T23:05:09Z | INFO |  Data saved to aggrigated data from 2023-05-28 21:04:00 UTC...
2023-05-28T23:05:10Z | INFO |  Data saved to aggrigated data from 2023-05-28 21:04:00 UTC...
2023-05-28T23:05:10Z | INFO |  Data saved to aggrigated data from 2023-05-28 21:04:00 UTC...
2023-05-28T23:05:12Z | INFO |  Data saved to aggrigated data from 2023-05-28 21:04:00 UTC...
2023-05-28T23:05:13Z | INFO |  Data saved to aggrigated data from 2023-05-28 21:04:00 UTC...
2023-05-28T23:05:14Z | INFO |  Data saved to aggrigated data from 2023-05-28 21:04:00 UTC...
2023-05-28T23:05:14Z | INFO |  Data saved to aggrigated data from 2023-05-28 21:04:00 UTC...
2023-05-28T23:05:15Z | INFO |  Data saved to aggrigated data from 2023-05-28 21:04:00 UTC...
2023-05-28T23:05:16Z | INFO |  Data saved to aggrigated data from 2023-05-28 21:04:00 UTC...
2023-05-28T23:05:16Z | INFO |  Data saved to aggrigated data from 2023-05-28 21:04:00 UTC...
2023-05-28T23:05:17Z | INFO |  Data saved to aggrigated data from 2023-05-28 21:04:00 UTC...
2023-05-28T23:05:18Z | INFO |  Data saved to aggrigated data from 2023-05-28 21:04:00 UTC...
2023-05-28T23:05:18Z | INFO |  Data saved to aggrigated data from 2023-05-28 21:04:00 UTC...
2023-05-28T23:05:19Z | INFO |  Data saved to aggrigated data from 2023-05-28 21:04:00 UTC...
2023-05-28T23:05:20Z | INFO |  Data saved to aggrigated data from 2023-05-28 21:04:00 UTC...
2023-05-28T23:05:20Z | INFO |  Data saved to aggrigated data from 2023-05-28 21:04:00 UTC...
2023-05-28T23:05:21Z | INFO |  Data saved to aggrigated data from 2023-05-28 21:04:00 UTC...
2023-05-28T23:05:22Z | INFO |  Data saved to aggrigated data from 2023-05-28 21:04:00 UTC...
2023-05-28T23:05:22Z | INFO |  Data saved to aggrigated data from 2023-05-28 21:04:00 UTC...
2023-05-28T23:05:23Z | INFO |  Data saved to aggrigated data from 2023-05-28 21:04:00 UTC...
2023-05-28T23:05:24Z | INFO |  Data saved to aggrigated data from 2023-05-28 21:04:00 UTC...
2023-05-28T23:05:24Z | INFO |  Data saved to aggrigated data from 2023-05-28 21:04:00 UTC...
2023-05-28T23:05:25Z | INFO |  Data saved to aggrigated data from 2023-05-28 21:04:00 UTC...
2023-05-28T23:05:25Z | INFO |  Data saved to aggrigated data from 2023-05-28 21:04:00 UTC...
2023-05-28T23:06:51Z | INFO |  All missing entries added successfully!
2023-05-28T23:06:51Z | INFO |  Starting collection thread
2023-05-28T23:06:51Z | INFO |  Starting missing entry handel thread
2023-05-28T23:07:01Z | INFO |  All missing entries added successfully!
2023-05-28T23:11:16Z | INFO |  Starting collection thread
2023-05-28T23:11:16Z | INFO |  Starting missing entry handel thread
2023-05-28T23:11:32Z | INFO |  Starting collection thread
2023-05-28T23:11:32Z | INFO |  Starting missing entry handel thread
2023-05-28T23:11:32Z | INFO |  No missing entries. Sleeping for 10 seconds...
2023-05-28T23:11:42Z | INFO |  No missing entries. Sleeping for 10 seconds...
2023-05-28T23:11:52Z | INFO |  No missing entries. Sleeping for 10 seconds...
2023-05-28T23:12:02Z | INFO |  No missing entries. Sleeping for 10 seconds...
2023-05-28T23:12:12Z | INFO |  Program terminated...
2023-05-28T23:20:31Z | INFO |  Starting run..
2023-05-28T23:20:31Z | INFO |  Starting collection thread
2023-05-28T23:20:31Z | INFO |  Starting missing entry handel thread
2023-05-28T23:20:31Z | INFO |  No missing entries. Sleeping for 10 seconds...
2023-05-28T23:20:31Z | INFO |  Last found entry is from 2023-05-28 21:04:00
2023-05-28T23:20:32Z | INFO |  Data saved to aggrigated data from 2023-05-28 21:19:00 UTC...
2023-05-28T23:20:32Z | WARNING |  Missing entry dates logged to /Users/vegard/statnett/missing_data_queue.csv
2023-05-28T23:20:42Z | INFO |  Data saved to aggrigated data from 2023-05-28 21:19:00 UTC...
2023-05-28T23:20:44Z | INFO |  Data saved to aggrigated data from 2023-05-28 21:19:00 UTC...
2023-05-28T23:20:45Z | INFO |  Data saved to aggrigated data from 2023-05-28 21:19:00 UTC...
2023-05-28T23:20:47Z | INFO |  Data saved to aggrigated data from 2023-05-28 21:20:00 UTC...
2023-05-28T23:20:49Z | INFO |  Data saved to aggrigated data from 2023-05-28 21:20:00 UTC...
2023-05-28T23:20:51Z | INFO |  Data saved to aggrigated data from 2023-05-28 21:20:00 UTC...
2023-05-28T23:20:53Z | INFO |  Data saved to aggrigated data from 2023-05-28 21:20:00 UTC...
2023-05-28T23:20:54Z | INFO |  Data saved to aggrigated data from 2023-05-28 21:20:00 UTC...
2023-05-28T23:20:56Z | INFO |  Data saved to aggrigated data from 2023-05-28 21:20:00 UTC...
2023-05-28T23:20:58Z | INFO |  Data saved to aggrigated data from 2023-05-28 21:20:00 UTC...
2023-05-28T23:20:59Z | INFO |  Data saved to aggrigated data from 2023-05-28 21:20:00 UTC...
2023-05-28T23:21:01Z | INFO |  Data saved to aggrigated data from 2023-05-28 21:20:00 UTC...
2023-05-28T23:21:03Z | INFO |  Data saved to aggrigated data from 2023-05-28 21:20:00 UTC...
2023-05-28T23:21:05Z | INFO |  Data saved to aggrigated data from 2023-05-28 21:20:00 UTC...
2023-05-28T23:21:07Z | INFO |  Data saved to aggrigated data from 2023-05-28 21:20:00 UTC...
2023-05-28T23:21:08Z | INFO |  All missing entries added successfully!
2023-05-28T23:21:08Z | INFO |  No missing entries. Sleeping for 10 seconds...
2023-05-28T23:21:18Z | INFO |  No missing entries. Sleeping for 10 seconds...
2023-05-28T23:21:28Z | INFO |  No missing entries. Sleeping for 10 seconds...
2023-05-28T23:21:38Z | INFO |  Program terminated...
2023-05-28T23:27:23Z | INFO |  Starting run..
2023-05-28T23:27:23Z | INFO |  Starting collection thread
2023-05-28T23:27:23Z | INFO |  Starting missing entry handel thread
2023-05-28T23:27:23Z | INFO |  No missing entries. Sleeping for 10 seconds...
2023-05-28T23:27:23Z | INFO |  Last found entry is from 2023-05-28 21:20:00
2023-05-28T23:27:23Z | INFO |  Data saved to aggrigated data from 2023-05-28 21:26:00 UTC...
2023-05-28T23:27:23Z | WARNING |  Missing entry dates logged to /Users/vegard/statnett/missing_data_queue.csv
2023-05-28T23:27:33Z | INFO |  Data saved to aggrigated data from 2023-05-28 21:26:00 UTC...
2023-05-28T23:27:35Z | INFO |  Data saved to aggrigated data from 2023-05-28 21:26:00 UTC...
2023-05-28T23:27:36Z | INFO |  Data saved to aggrigated data from 2023-05-28 21:26:00 UTC...
2023-05-28T23:27:38Z | INFO |  Data saved to aggrigated data from 2023-05-28 21:26:00 UTC...
2023-05-28T23:27:40Z | INFO |  Data saved to aggrigated data from 2023-05-28 21:26:00 UTC...
2023-05-28T23:27:41Z | INFO |  Data saved to aggrigated data from 2023-05-28 21:26:00 UTC...
2023-05-28T23:27:42Z | INFO |  All missing entries added successfully!
2023-05-28T23:27:42Z | INFO |  No missing entries. Sleeping for 10 seconds...
2023-05-28T23:27:52Z | INFO |  No missing entries. Sleeping for 10 seconds...
2023-05-28T23:28:02Z | INFO |  No missing entries. Sleeping for 10 seconds...
2023-05-28T23:28:12Z | INFO |  No missing entries. Sleeping for 10 seconds...
2023-05-28T23:28:22Z | INFO |  No missing entries. Sleeping for 10 seconds...
2023-05-28T23:28:25Z | INFO |  Data saved to aggrigated data from 2023-05-28 21:27:00 UTC...
2023-05-28T23:28:32Z | INFO |  No missing entries. Sleeping for 10 seconds...
2023-05-28T23:28:42Z | INFO |  No missing entries. Sleeping for 10 seconds...
2023-05-28T23:28:52Z | INFO |  No missing entries. Sleeping for 10 seconds...
2023-05-28T23:29:02Z | INFO |  No missing entries. Sleeping for 10 seconds...
2023-05-28T23:29:12Z | INFO |  No missing entries. Sleeping for 10 seconds...
2023-05-28T23:29:26Z | INFO |  Program terminated...
2023-05-28T23:30:14Z | INFO |  Starting run..
2023-05-28T23:30:14Z | INFO |  Starting collection thread
2023-05-28T23:30:14Z | INFO |  No missing entries. Sleeping for 10 seconds...
2023-05-28T23:30:14Z | INFO |  Starting missing entry handel thread
2023-05-28T23:30:14Z | INFO |  Last found entry is from 2023-05-28 21:27:00
2023-05-28T23:30:15Z | INFO |  Data saved to aggrigated data from 2023-05-28 21:29:00 UTC...
2023-05-28T23:30:15Z | WARNING |  Missing entry dates logged to /Users/vegard/statnett/missing_data_queue.csv
2023-05-28T23:30:25Z | INFO |  Data saved to aggrigated data from 2023-05-28 21:29:00 UTC...
2023-05-28T23:30:26Z | INFO |  Data saved to aggrigated data from 2023-05-28 21:29:00 UTC...
2023-05-28T23:30:27Z | INFO |  All missing entries added successfully!
2023-05-28T23:30:27Z | INFO |  No missing entries. Sleeping for 10 seconds...
2023-05-28T23:30:37Z | INFO |  No missing entries. Sleeping for 10 seconds...
2023-05-28T23:30:47Z | INFO |  No missing entries. Sleeping for 10 seconds...
2023-05-28T23:30:57Z | INFO |  No missing entries. Sleeping for 10 seconds...
2023-05-28T23:31:07Z | INFO |  Program terminated...
2023-05-28T23:41:09Z | INFO |  Starting run..
2023-05-28T23:41:09Z | INFO |  Starting collection thread
2023-05-28T23:41:09Z | INFO |  Starting missing entry handel thread
2023-05-28T23:41:09Z | INFO |  No missing entries. Sleeping for 10 seconds...
2023-05-28T23:41:09Z | INFO |  Last found entry is from 2023-05-28 21:29:00
2023-05-28T23:41:10Z | INFO |  Data saved to aggrigated data from 2023-05-28 21:40:00 UTC...
2023-05-28T23:41:10Z | WARNING |  Missing entry dates logged to /Users/vegard/statnett/missing_data_queue.csv
2023-05-28T23:41:20Z | INFO |  Data saved to aggrigated data from 2023-05-28 21:40:00 UTC...
2023-05-28T23:41:22Z | INFO |  Data saved to aggrigated data from 2023-05-28 21:40:00 UTC...
2023-05-28T23:41:23Z | INFO |  Data saved to aggrigated data from 2023-05-28 21:40:00 UTC...
2023-05-28T23:41:25Z | INFO |  Data saved to aggrigated data from 2023-05-28 21:40:00 UTC...
2023-05-28T23:41:27Z | INFO |  Data saved to aggrigated data from 2023-05-28 21:40:00 UTC...
2023-05-28T23:41:28Z | INFO |  Data saved to aggrigated data from 2023-05-28 21:40:00 UTC...
2023-05-28T23:41:30Z | INFO |  Data saved to aggrigated data from 2023-05-28 21:40:00 UTC...
2023-05-28T23:41:32Z | INFO |  Data saved to aggrigated data from 2023-05-28 21:40:00 UTC...
2023-05-28T23:41:33Z | INFO |  Data saved to aggrigated data from 2023-05-28 21:40:00 UTC...
2023-05-28T23:41:35Z | INFO |  Data saved to aggrigated data from 2023-05-28 21:40:00 UTC...
2023-05-28T23:41:37Z | INFO |  Data saved to aggrigated data from 2023-05-28 21:40:00 UTC...
2023-05-28T23:41:38Z | INFO |  All missing entries added successfully!
2023-05-28T23:41:38Z | INFO |  No missing entries. Sleeping for 10 seconds...
2023-05-28T23:41:51Z | INFO |  Program terminated...
2023-05-28T23:43:34Z | INFO |  Starting run..
2023-05-28T23:43:34Z | INFO |  Starting collection thread
2023-05-28T23:43:34Z | INFO |  No missing entries. Sleeping for 10 seconds...
2023-05-28T23:43:34Z | INFO |  Starting missing entry handel thread
2023-05-28T23:43:34Z | INFO |  Last found entry is from 2023-05-28 21:29:00
2023-05-28T23:43:35Z | INFO |  Data saved to aggrigated data from 2023-05-28 21:42:00 UTC...
2023-05-28T23:43:35Z | WARNING |  Missing entry dates logged to /Users/vegard/statnett/missing_data_queue.csv
2023-05-28T23:43:45Z | INFO |  Program terminated...
2023-05-28T23:48:07Z | INFO |  Starting collection thread
2023-05-28T23:48:07Z | INFO |  Starting missing entry handel thread
2023-05-28T23:49:31Z | INFO |  Data saved to aggrigated data from 2023-05-28 21:43:00 UTC...
2023-05-28T23:50:45Z | INFO |  Data saved to aggrigated data from 2023-05-28 21:44:00 UTC...
2023-05-28T23:50:52Z | INFO |  Data saved to aggrigated data from 2023-05-28 21:45:00 UTC...
2023-05-28T23:51:27Z | INFO |  Starting run..
2023-05-28T23:51:27Z | INFO |  Starting collection thread
2023-05-28T23:51:27Z | INFO |  No missing entries. Sleeping for 10 seconds...
2023-05-28T23:51:27Z | INFO |  Starting missing entry handel thread
2023-05-28T23:51:27Z | INFO |  Last found entry is from 2023-05-28 21:45:00
2023-05-28T23:51:27Z | INFO |  Data saved to aggrigated data from 2023-05-28 21:50:00 UTC...
2023-05-28T23:51:27Z | WARNING |  Missing entry dates logged to /Users/vegard/statnett/missing_data_queue.csv
2023-05-28T23:51:37Z | INFO |  Data saved to aggrigated data from 2023-05-28 21:50:00 UTC...
2023-05-28T23:51:39Z | INFO |  Data saved to aggrigated data from 2023-05-28 21:50:00 UTC...
2023-05-28T23:51:41Z | INFO |  Data saved to aggrigated data from 2023-05-28 21:50:00 UTC...
2023-05-28T23:51:42Z | INFO |  Data saved to aggrigated data from 2023-05-28 21:50:00 UTC...
2023-05-28T23:51:44Z | INFO |  Data saved to aggrigated data from 2023-05-28 21:50:00 UTC...
2023-05-28T23:51:45Z | INFO |  All missing entries added successfully!
2023-05-28T23:51:45Z | INFO |  No missing entries. Sleeping for 10 seconds...
2023-05-28T23:51:57Z | INFO |  Program terminated...
2023-05-28T23:52:08Z | INFO |  Starting collection thread
2023-05-28T23:52:08Z | INFO |  Starting missing entry handel thread
2023-05-28T23:52:08Z | INFO |  Starting run..
2023-05-28T23:52:08Z | INFO |  No missing entries. Sleeping for 10 seconds...
2023-05-28T23:52:08Z | INFO |  Last found entry is from 2023-05-28 21:45:00
2023-05-28T23:52:08Z | INFO |  Data saved to aggrigated data from 2023-05-28 21:50:00 UTC...
2023-05-28T23:52:08Z | WARNING |  Missing entry dates logged to /Users/vegard/statnett/missing_data_queue.csv
2023-05-28T23:54:08Z | INFO |  Starting collection thread
2023-05-28T23:54:08Z | INFO |  Starting missing entry handel thread
2023-05-28T23:54:08Z | INFO |  Starting run..
2023-05-28T23:54:11Z | INFO |  No missing entries. Sleeping for 10 seconds...
2023-05-28T23:54:48Z | INFO |  No missing entries. Sleeping for 10 seconds...
2023-05-28T23:55:00Z | INFO |  No missing entries. Sleeping for 10 seconds...
2023-05-28T23:55:43Z | INFO |  No missing entries. Sleeping for 10 seconds...
2023-05-28T23:55:43Z | INFO |  Last found entry is from 2023-05-28 21:45:00
2023-05-28T23:56:00Z | INFO |  No missing entries. Sleeping for 10 seconds...
2023-05-28T23:56:12Z | INFO |  No missing entries. Sleeping for 10 seconds...
2023-05-28T23:56:18Z | INFO |  Data saved to aggrigated data from 2023-05-28 21:55:00 UTC...
2023-05-28T23:56:30Z | INFO |  No missing entries. Sleeping for 10 seconds...
2023-05-28T23:56:37Z | WARNING |  Missing entry dates logged to /Users/vegard/statnett/missing_data_queue.csv
2023-05-29T00:03:00Z | INFO |  Starting run..
2023-05-29T00:03:00Z | INFO |  No missing entries. Sleeping for 10 seconds...
2023-05-29T00:03:00Z | INFO |  Starting collection thread
2023-05-29T00:03:00Z | INFO |  Last found entry is from 2023-05-28 21:55:00
2023-05-29T00:03:00Z | INFO |  Starting missing entry handel thread
2023-05-29T00:03:10Z | INFO |  No missing entries. Sleeping for 10 seconds...
2023-05-29T00:03:20Z | INFO |  No missing entries. Sleeping for 10 seconds...
2023-05-29T00:03:30Z | INFO |  No missing entries. Sleeping for 10 seconds...
2023-05-29T00:03:40Z | INFO |  Program terminated...
2023-05-29T00:04:08Z | INFO |  Starting run..
2023-05-29T00:04:08Z | INFO |  Last found entry is from 2023-05-28 21:45:00
2023-05-29T00:04:08Z | INFO |  Starting collection thread
2023-05-29T00:04:08Z | INFO |  Starting missing entry handel thread
2023-05-29T00:04:08Z | INFO |  No missing entries. Sleeping for 10 seconds...
2023-05-29T00:04:08Z | WARNING |  Missing entry dates logged to /Users/vegard/statnett/missing_data_queue.csv
2023-05-29T00:04:08Z | INFO |  Data saved to aggrigated data from 2023-05-28 22:03:00 UTC...
2023-05-29T00:04:19Z | INFO |  Data saved to aggrigated data from 2023-05-28 21:46:00 UTC...
2023-05-29T00:04:20Z | INFO |  Data saved to aggrigated data from 2023-05-28 21:47:00 UTC...
2023-05-29T00:04:22Z | INFO |  Data saved to aggrigated data from 2023-05-28 21:48:00 UTC...
2023-05-29T00:04:24Z | INFO |  Data saved to aggrigated data from 2023-05-28 21:49:00 UTC...
2023-05-29T00:04:25Z | INFO |  Data saved to aggrigated data from 2023-05-28 21:50:00 UTC...
2023-05-29T00:04:27Z | INFO |  Data saved to aggrigated data from 2023-05-28 21:51:00 UTC...
2023-05-29T00:04:28Z | INFO |  Data saved to aggrigated data from 2023-05-28 21:52:00 UTC...
2023-05-29T00:04:30Z | INFO |  Data saved to aggrigated data from 2023-05-28 21:53:00 UTC...
2023-05-29T00:04:32Z | INFO |  Data saved to aggrigated data from 2023-05-28 21:54:00 UTC...
2023-05-29T00:04:33Z | INFO |  Data saved to aggrigated data from 2023-05-28 21:55:00 UTC...
2023-05-29T00:04:35Z | INFO |  Data saved to aggrigated data from 2023-05-28 21:56:00 UTC...
2023-05-29T00:04:37Z | INFO |  Data saved to aggrigated data from 2023-05-28 21:57:00 UTC...
2023-05-29T00:04:39Z | INFO |  Data saved to aggrigated data from 2023-05-28 21:58:00 UTC...
2023-05-29T00:04:40Z | INFO |  Data saved to aggrigated data from 2023-05-28 21:59:00 UTC...
2023-05-29T00:04:42Z | INFO |  Data saved to aggrigated data from 2023-05-28 22:00:00 UTC...
2023-05-29T00:04:44Z | INFO |  Data saved to aggrigated data from 2023-05-28 22:01:00 UTC...
2023-05-29T00:04:45Z | INFO |  Data saved to aggrigated data from 2023-05-28 22:02:00 UTC...
2023-05-29T00:04:47Z | INFO |  Data saved to aggrigated data from 2023-05-28 22:03:00 UTC...
2023-05-29T00:04:48Z | INFO |  All missing entries added successfully!
2023-05-29T00:04:48Z | INFO |  No missing entries. Sleeping for 10 seconds...
2023-05-29T00:04:58Z | INFO |  No missing entries. Sleeping for 10 seconds...
2023-05-29T00:05:08Z | INFO |  No missing entries. Sleeping for 10 seconds...
2023-05-29T00:05:10Z | INFO |  Data saved to aggrigated data from 2023-05-28 22:04:00 UTC...
2023-05-29T00:05:18Z | INFO |  No missing entries. Sleeping for 10 seconds...
2023-05-29T00:05:28Z | INFO |  No missing entries. Sleeping for 10 seconds...
2023-05-29T00:05:38Z | INFO |  No missing entries. Sleeping for 10 seconds...
2023-05-29T00:05:51Z | INFO |  Program terminated...
2023-05-29T16:58:53Z | INFO |  Starting run..
2023-05-29T16:58:53Z | INFO |  No missing entries. Sleeping for 10 seconds...
2023-05-29T16:58:53Z | INFO |  Starting collection thread
2023-05-29T16:58:53Z | INFO |  Last found entry is from 2023-05-28 22:04:00
2023-05-29T16:58:53Z | INFO |  Starting missing entry handel thread
2023-05-29T16:58:54Z | WARNING |  Missing entry dates logged to /Users/vegard/statnett/missing_data_queue.csv
2023-05-29T16:58:54Z | INFO |  Data saved to aggrigated data from 2023-05-29 14:58:00 UTC...
2023-05-29T16:59:04Z | INFO |  Data saved to aggrigated data from 2023-05-28 22:05:00 UTC...
2023-05-29T16:59:06Z | INFO |  Data saved to aggrigated data from 2023-05-28 22:06:00 UTC...
2023-05-29T16:59:08Z | INFO |  Data saved to aggrigated data from 2023-05-28 22:07:00 UTC...
2023-05-29T16:59:09Z | INFO |  Data saved to aggrigated data from 2023-05-28 22:08:00 UTC...
2023-05-29T16:59:11Z | INFO |  Data saved to aggrigated data from 2023-05-28 22:09:00 UTC...
2023-05-29T16:59:13Z | INFO |  Data saved to aggrigated data from 2023-05-28 22:10:00 UTC...
2023-05-29T16:59:14Z | INFO |  Data saved to aggrigated data from 2023-05-28 22:11:00 UTC...
2023-05-29T16:59:16Z | INFO |  Data saved to aggrigated data from 2023-05-28 22:12:00 UTC...
2023-05-29T16:59:18Z | INFO |  Data saved to aggrigated data from 2023-05-28 22:13:00 UTC...
2023-05-29T16:59:19Z | INFO |  Data saved to aggrigated data from 2023-05-28 22:14:00 UTC...
2023-05-29T16:59:21Z | INFO |  Data saved to aggrigated data from 2023-05-28 22:15:00 UTC...
2023-05-29T16:59:23Z | INFO |  Data saved to aggrigated data from 2023-05-28 22:16:00 UTC...
2023-05-29T16:59:24Z | INFO |  Data saved to aggrigated data from 2023-05-28 22:17:00 UTC...
2023-05-29T16:59:26Z | INFO |  Data saved to aggrigated data from 2023-05-28 22:18:00 UTC...
2023-05-29T16:59:27Z | INFO |  Data saved to aggrigated data from 2023-05-28 22:19:00 UTC...
2023-05-29T16:59:29Z | INFO |  Data saved to aggrigated data from 2023-05-28 22:20:00 UTC...
2023-05-29T16:59:31Z | INFO |  Data saved to aggrigated data from 2023-05-28 22:21:00 UTC...
2023-05-29T16:59:33Z | INFO |  Data saved to aggrigated data from 2023-05-28 22:22:00 UTC...
2023-05-29T16:59:34Z | INFO |  Data saved to aggrigated data from 2023-05-28 22:23:00 UTC...
2023-05-29T16:59:36Z | INFO |  Data saved to aggrigated data from 2023-05-28 22:24:00 UTC...
2023-05-29T16:59:37Z | INFO |  Data saved to aggrigated data from 2023-05-28 22:25:00 UTC...
2023-05-29T16:59:39Z | INFO |  Data saved to aggrigated data from 2023-05-28 22:26:00 UTC...
2023-05-29T16:59:41Z | INFO |  Data saved to aggrigated data from 2023-05-28 22:27:00 UTC...
2023-05-29T16:59:42Z | INFO |  Data saved to aggrigated data from 2023-05-28 22:28:00 UTC...
2023-05-29T16:59:44Z | INFO |  Data saved to aggrigated data from 2023-05-28 22:29:00 UTC...
2023-05-29T16:59:46Z | INFO |  Data saved to aggrigated data from 2023-05-28 22:30:00 UTC...
2023-05-29T16:59:47Z | INFO |  Data saved to aggrigated data from 2023-05-28 22:31:00 UTC...
2023-05-29T16:59:49Z | INFO |  Data saved to aggrigated data from 2023-05-28 22:32:00 UTC...
2023-05-29T16:59:51Z | INFO |  Data saved to aggrigated data from 2023-05-28 22:33:00 UTC...
2023-05-29T16:59:53Z | INFO |  Data saved to aggrigated data from 2023-05-28 22:34:00 UTC...
2023-05-29T17:11:21Z | INFO |  Starting run..
2023-05-29T17:11:21Z | INFO |  Starting collection thread
2023-05-29T17:11:21Z | INFO |  Starting missing entry handel thread
2023-05-29T17:11:21Z | INFO |  Last found entry is from 2023-05-28 22:34:00
2023-05-29T17:11:22Z | WARNING |  Missing entry dates logged to /Users/vegard/statnett/missing_data_queue.csv
2023-05-29T17:11:22Z | INFO |  Data saved to aggrigated data from 2023-05-29 15:10:00 UTC...
2023-05-29T17:11:22Z | INFO |  Data saved to aggrigated data from 2023-05-28 22:05:00 UTC...
2023-05-29T17:11:23Z | INFO |  Data saved to aggrigated data from 2023-05-28 22:06:00 UTC...
2023-05-29T17:11:25Z | INFO |  Data saved to aggrigated data from 2023-05-28 22:07:00 UTC...
2023-05-29T17:11:27Z | INFO |  Data saved to aggrigated data from 2023-05-28 22:08:00 UTC...
2023-05-29T17:11:29Z | INFO |  Data saved to aggrigated data from 2023-05-28 22:09:00 UTC...
2023-05-29T17:11:30Z | INFO |  Data saved to aggrigated data from 2023-05-28 22:10:00 UTC...
2023-05-29T17:11:32Z | INFO |  Data saved to aggrigated data from 2023-05-28 22:11:00 UTC...
2023-05-29T17:11:34Z | INFO |  Data saved to aggrigated data from 2023-05-28 22:12:00 UTC...
2023-05-29T17:11:35Z | INFO |  Data saved to aggrigated data from 2023-05-28 22:13:00 UTC...
2023-05-29T17:11:37Z | INFO |  Data saved to aggrigated data from 2023-05-28 22:14:00 UTC...
2023-05-29T17:11:39Z | INFO |  Data saved to aggrigated data from 2023-05-28 22:15:00 UTC...
2023-05-29T17:11:40Z | INFO |  Data saved to aggrigated data from 2023-05-28 22:16:00 UTC...
2023-05-29T17:14:11Z | INFO |  Starting run..
2023-05-29T17:14:11Z | INFO |  Starting collection thread
2023-05-29T17:14:11Z | INFO |  Starting missing entry handel thread
2023-05-29T17:14:11Z | INFO |  Last found entry is from 2023-05-28 22:34:00
2023-05-29T17:14:11Z | WARNING |  Missing entry dates logged to /Users/vegard/statnett/missing_data_queue.csv
2023-05-29T17:14:11Z | INFO |  Data saved to aggrigated data from 2023-05-29 15:13:00 UTC...
2023-05-29T17:14:12Z | INFO |  Data saved to aggrigated data from 2023-05-28 22:05:00 UTC...
2023-05-29T17:14:13Z | INFO |  Data saved to aggrigated data from 2023-05-28 22:06:00 UTC...
2023-05-29T17:14:15Z | INFO |  Data saved to aggrigated data from 2023-05-28 22:07:00 UTC...
